<?xml version="1.0" encoding="UTF-8"?>
<!-- Generated by org.testng.reporters.JUnitReportReporter -->
<testsuite skipped="0" hostname="DESKTOP-947DOM6" name="GeneralStoreApp.Ecommerce_tc_4" tests="1" failures="0" timestamp="2021-01-27T12:29:36 PST" time="57.178" errors="0">
  <testcase name="totalValidation" time="57.178" classname="GeneralStoreApp.Ecommerce_tc_4"/>
  <system-out/>
</testsuite> <!-- GeneralStoreApp.Ecommerce_tc_4 -->
