<?xml version="1.0" encoding="UTF-8"?>
<!-- Generated by org.testng.reporters.JUnitReportReporter -->
<testsuite skipped="0" hostname="DESKTOP-947DOM6" name="GeneralStoreApp.Apidemotest" tests="2" failures="0" timestamp="2021-01-27T15:33:11 PST" time="139.404" errors="0">
  <testcase name="preferenceTest" time="46.557" classname="GeneralStoreApp.Apidemotest"/>
  <system-out/>
  <testcase name="preferenceTest" time="92.847" classname="GeneralStoreApp.Apidemotest"/>
  <system-out/>
</testsuite> <!-- GeneralStoreApp.Apidemotest -->
